[2024-12-11 16:12:41] 
##############################################################################
#                                                                            #
# Starting HADDOCK2.5                                                        #
#                                                                            #
#         N-components version of HADDOCK (current maximum is 20)            #
#                                                                            #
#   Copyright 2003-2024 Alexandre Bonvin, Utrecht University.                #
#   Originally adapted from Aria 1.2 from Nilges and Linge, EMBL.            #
#   All rights reserved.                                                     #
#   This code is part of the HADDOCK software and governed by its            #
#   license. Please see the LICENSE file that should have been included      #
#   as part of this package.                                                 #
#                                                                            #
##############################################################################
    
[2024-12-11 16:12:41] Starting HADDOCK
[2024-12-11 16:12:41] HADDOCK version: 2.5 - December 2024
[2024-12-11 16:12:41] Parsing run.cns file
[2024-12-11 16:12:41] Parsing run.param in /trinity/rascar/enmr/csb_webserver/data/runs/haddock24/userrun00419197/run1/data
[2024-12-11 16:12:41] Reading parameters from the file /trinity/rascar/enmr/csb_webserver/data/runs/haddock24/userrun00419197/run1/data/run.param
[2024-12-11 16:12:41]   setting some variables:
[2024-12-11 16:12:41]     HADDOCK_DIR set to: /trinity/rascar/enmr/software/haddock2.5
[2024-12-11 16:12:41]     N_COMP set to: 4
[2024-12-11 16:12:41]     PDB_FILE1 set to: protein1.pdb
[2024-12-11 16:12:41]     PROT_SEGID_1 set to: A
[2024-12-11 16:12:41]     PDB_FILE2 set to: protein2.pdb
[2024-12-11 16:12:41]     PROT_SEGID_2 set to: B
[2024-12-11 16:12:41]     PDB_FILE3 set to: protein3.pdb
[2024-12-11 16:12:41]     PROT_SEGID_3 set to: C
[2024-12-11 16:12:41]     PDB_FILE4 set to: protein4.pdb
[2024-12-11 16:12:41]     PROT_SEGID_4 set to: D
[2024-12-11 16:12:41]     PROJECT_DIR set to: .
[2024-12-11 16:12:41]     RUN_NUMBER set to: 1
[2024-12-11 16:12:41]   HADDOCK_DIR /trinity/rascar/enmr/software/haddock2.5
[2024-12-11 16:12:41]   N_COMP 4
[2024-12-11 16:12:41]   PDB_FILE1 protein1.pdb
[2024-12-11 16:12:41]   PROT_SEGID_1 A
[2024-12-11 16:12:41]   PDB_FILE2 protein2.pdb
[2024-12-11 16:12:41]   PROT_SEGID_2 B
[2024-12-11 16:12:41]   PDB_FILE3 protein3.pdb
[2024-12-11 16:12:41]   PROT_SEGID_3 C
[2024-12-11 16:12:41]   PDB_FILE4 protein4.pdb
[2024-12-11 16:12:41]   PROT_SEGID_4 D
[2024-12-11 16:12:41]   PROJECT_DIR .
[2024-12-11 16:12:41]   RUN_NUMBER 1
[2024-12-11 16:12:41] Looking for existing files
[2024-12-11 16:12:41] waterdock false
[2024-12-11 16:12:41] Generating PSF and PDB file of molecule 1
[2024-12-11 16:12:41] Generating PSF and PDB file of molecule 2
[2024-12-11 16:12:41] Generating PSF and PDB file of molecule 3
[2024-12-11 16:12:41] Generating PSF and PDB file of molecule 4
[2024-12-11 16:12:41]   waiting for the psf files...
[2024-12-11 16:12:41]   waiting for the psf files...
[2024-12-11 16:12:41]   waiting for the psf files...
[2024-12-11 16:12:41]   waiting for the psf files...
[2024-12-11 16:12:51]   waiting for the psf files...
[2024-12-11 16:12:51]   waiting for the psf files...
[2024-12-11 16:12:51]   waiting for the psf files...
[2024-12-11 16:12:51]   waiting for the psf files...
[2024-12-11 16:13:01]   waiting for the psf files...
[2024-12-11 16:13:01]   waiting for the psf files...
[2024-12-11 16:13:01]   waiting for the psf files...
[2024-12-11 16:13:01]   waiting for the psf files...
[2024-12-11 16:13:11]   waiting for the psf files...
[2024-12-11 16:13:11]   waiting for the psf files...
[2024-12-11 16:13:11]   waiting for the psf files...
[2024-12-11 16:13:11]   waiting for the psf files...
[2024-12-11 16:13:21]   waiting for the psf files...
[2024-12-11 16:13:21]   waiting for the psf files...
[2024-12-11 16:13:21]   waiting for the psf files...
[2024-12-11 16:13:21]   waiting for the psf files...
[2024-12-11 16:13:31]   waiting for the psf files...
[2024-12-11 16:13:31]   waiting for the psf files...
[2024-12-11 16:13:31]   waiting for the psf files...
[2024-12-11 16:13:31]   waiting for the psf files...
[2024-12-11 16:13:41]   waiting for the psf files...
[2024-12-11 16:13:41]   waiting for the psf files...
[2024-12-11 16:13:41]   waiting for the psf files...
[2024-12-11 16:13:41]   waiting for the psf files...
[2024-12-11 16:13:51]   waiting for the psf files...
[2024-12-11 16:13:51]   waiting for the psf files...
[2024-12-11 16:13:51]   waiting for the psf files...
[2024-12-11 16:13:51]   waiting for the psf files...
[2024-12-11 16:14:01]   waiting for the psf files...
[2024-12-11 16:14:01]   waiting for the psf files...
[2024-12-11 16:14:01]   waiting for the psf files...
[2024-12-11 16:14:01]   waiting for the psf files...
[2024-12-11 16:14:11]   waiting for the psf files...
[2024-12-11 16:14:11]   waiting for the psf files...
[2024-12-11 16:14:11]   waiting for the psf files...
[2024-12-11 16:14:11]   waiting for the psf files...
[2024-12-11 16:14:21]   waiting for the psf files...
[2024-12-11 16:14:21]   waiting for the psf files...
[2024-12-11 16:14:21]   waiting for the psf files...
[2024-12-11 16:14:21]   waiting for the psf files...
[2024-12-11 16:14:31]   waiting for the psf files...
[2024-12-11 16:14:31]   waiting for the psf files...
[2024-12-11 16:14:31]   waiting for the psf files...
[2024-12-11 16:14:31]   waiting for the psf files...
[2024-12-11 16:14:41]   waiting for the psf files...
[2024-12-11 16:14:41]   waiting for the psf files...
[2024-12-11 16:14:41]   waiting for the psf files...
[2024-12-11 16:14:41]   waiting for the psf files...
[2024-12-11 16:14:51]   waiting for the psf files...
[2024-12-11 16:14:51]   waiting for the psf files...
[2024-12-11 16:14:51]   waiting for the psf files...
[2024-12-11 16:14:51]   waiting for the psf files...
[2024-12-11 16:15:01]   waiting for the psf files...
[2024-12-11 16:15:01]   waiting for the psf files...
[2024-12-11 16:15:01]   waiting for the psf files...
[2024-12-11 16:15:01]   waiting for the psf files...
[2024-12-11 16:15:11]   waiting for the psf files...
[2024-12-11 16:15:11]   waiting for the psf files...
[2024-12-11 16:15:11]   waiting for the psf files...
[2024-12-11 16:15:11]   waiting for the psf files...
[2024-12-11 16:15:21]   waiting for the psf files...
[2024-12-11 16:15:21]   waiting for the psf files...
[2024-12-11 16:15:21]   waiting for the psf files...
[2024-12-11 16:15:21]   waiting for the psf files...
[2024-12-11 16:15:31]   waiting for the psf files...
[2024-12-11 16:15:31]   waiting for the psf files...
[2024-12-11 16:15:31]   waiting for the psf files...
[2024-12-11 16:15:31]   waiting for the psf files...
[2024-12-11 16:15:41]   waiting for the psf files...
[2024-12-11 16:15:41]   waiting for the psf files...
[2024-12-11 16:15:41]   waiting for the psf files...
[2024-12-11 16:15:41]   waiting for the psf files...
[2024-12-11 16:15:51]   waiting for the psf files...
[2024-12-11 16:15:51]   waiting for the psf files...
[2024-12-11 16:15:51]   waiting for the psf files...
[2024-12-11 16:15:51]   waiting for the psf files...
[2024-12-11 16:16:01]   waiting for the psf files...
[2024-12-11 16:16:01]   waiting for the psf files...
[2024-12-11 16:16:01]   waiting for the psf files...
[2024-12-11 16:16:01]   waiting for the psf files...
[2024-12-11 16:16:11]   waiting for the psf files...
[2024-12-11 16:16:11]   waiting for the psf files...
[2024-12-11 16:16:11]   waiting for the psf files...
[2024-12-11 16:16:11]   waiting for the psf files...
[2024-12-11 16:16:21]   waiting for the psf files...
[2024-12-11 16:16:21]   waiting for the psf files...
[2024-12-11 16:16:21]   waiting for the psf files...
[2024-12-11 16:16:21]   waiting for the psf files...
[2024-12-11 16:16:31]   waiting for the psf files...
[2024-12-11 16:16:31]   waiting for the psf files...
[2024-12-11 16:16:31]   waiting for the psf files...
[2024-12-11 16:16:31]   waiting for the psf files...
[2024-12-11 16:16:41]   waiting for the psf files...
[2024-12-11 16:16:41]   waiting for the psf files...
[2024-12-11 16:16:41]   waiting for the psf files...
[2024-12-11 16:16:41]   waiting for the psf files...
[2024-12-11 16:16:51]   waiting for the psf files...
[2024-12-11 16:16:51]   waiting for the psf files...
[2024-12-11 16:16:51]   waiting for the psf files...
[2024-12-11 16:16:51]   waiting for the psf files...
[2024-12-11 16:17:01]   waiting for the psf files...
[2024-12-11 16:17:01]   waiting for the psf files...
[2024-12-11 16:17:01]   waiting for the psf files...
[2024-12-11 16:17:01]   waiting for the psf files...
[2024-12-11 16:17:11]   waiting for the psf files...
[2024-12-11 16:17:11]   waiting for the psf files...
[2024-12-11 16:17:11]   waiting for the psf files...
[2024-12-11 16:17:11]   waiting for the psf files...
[2024-12-11 16:17:21]   waiting for the psf files...
[2024-12-11 16:17:21]   waiting for the psf files...
[2024-12-11 16:17:21]   waiting for the psf files...
[2024-12-11 16:17:21]   waiting for the psf files...
[2024-12-11 16:17:31]   waiting for the psf files...
[2024-12-11 16:17:31]   waiting for the psf files...
[2024-12-11 16:17:31]   waiting for the psf files...
[2024-12-11 16:17:31]   waiting for the psf files...
[2024-12-11 16:17:41]   waiting for the psf files...
[2024-12-11 16:17:41]   waiting for the psf files...
[2024-12-11 16:17:41]   waiting for the psf files...
[2024-12-11 16:17:41]   waiting for the psf files...
[2024-12-11 16:17:51]   waiting for the psf files...
[2024-12-11 16:17:51]   waiting for the psf files...
[2024-12-11 16:17:51]   waiting for the psf files...
[2024-12-11 16:17:51]   waiting for the psf files...
[2024-12-11 16:18:01]   waiting for the psf files...
[2024-12-11 16:18:01]   waiting for the psf files...
[2024-12-11 16:18:01]   waiting for the psf files...
[2024-12-11 16:18:01]   waiting for the psf files...
[2024-12-11 16:18:11]   waiting for the psf files...
[2024-12-11 16:18:11]   waiting for the psf files...
[2024-12-11 16:18:11]   waiting for the psf files...
[2024-12-11 16:18:11]   waiting for the psf files...
[2024-12-11 16:18:21]   waiting for the psf files...
[2024-12-11 16:18:21]   waiting for the psf files...
[2024-12-11 16:18:21]   waiting for the psf files...
[2024-12-11 16:18:21]   waiting for the psf files...
[2024-12-11 16:18:31]   waiting for the psf files...
[2024-12-11 16:18:31]   waiting for the psf files...
[2024-12-11 16:18:31]   waiting for the psf files...
[2024-12-11 16:18:31]   waiting for the psf files...
[2024-12-11 16:18:41]   waiting for the psf files...
[2024-12-11 16:18:41]   waiting for the psf files...
[2024-12-11 16:18:41]   waiting for the psf files...
[2024-12-11 16:18:41]   waiting for the psf files...
[2024-12-11 16:18:51]   waiting for the psf files...
[2024-12-11 16:18:51]   waiting for the psf files...
[2024-12-11 16:18:51]   waiting for the psf files...
[2024-12-11 16:18:51]   waiting for the psf files...
[2024-12-11 16:19:01]   waiting for the psf files...
[2024-12-11 16:19:01]   waiting for the psf files...
[2024-12-11 16:19:01]   waiting for the psf files...
[2024-12-11 16:19:01]   waiting for the psf files...
[2024-12-11 16:19:11]   waiting for the psf files...
[2024-12-11 16:19:11]   waiting for the psf files...
[2024-12-11 16:19:11]   waiting for the psf files...
[2024-12-11 16:19:11]   waiting for the psf files...
[2024-12-11 16:19:21]   waiting for the psf files...
[2024-12-11 16:19:21]   waiting for the psf files...
[2024-12-11 16:19:21]   waiting for the psf files...
[2024-12-11 16:19:21]   waiting for the psf files...
[2024-12-11 16:19:31]   waiting for the psf files...
[2024-12-11 16:19:31]   waiting for the psf files...
[2024-12-11 16:19:31]   waiting for the psf files...
[2024-12-11 16:19:31]   waiting for the psf files...
[2024-12-11 16:19:41]   waiting for the psf files...
[2024-12-11 16:19:41]   waiting for the psf files...
[2024-12-11 16:19:41]   waiting for the psf files...
[2024-12-11 16:19:41]   waiting for the psf files...
[2024-12-11 16:19:51]   waiting for the psf files...
[2024-12-11 16:19:51]   waiting for the psf files...
[2024-12-11 16:19:51]   waiting for the psf files...
[2024-12-11 16:19:51]   waiting for the psf files...
[2024-12-11 16:20:01]   waiting for the psf files...
[2024-12-11 16:20:01]   waiting for the psf files...
[2024-12-11 16:20:01]   waiting for the psf files...
[2024-12-11 16:20:01]   waiting for the psf files...
[2024-12-11 16:20:11]   waiting for the psf files...
[2024-12-11 16:20:11]   waiting for the psf files...
[2024-12-11 16:20:11]   waiting for the psf files...
[2024-12-11 16:20:11]   waiting for the psf files...
[2024-12-11 16:20:21]   waiting for the psf files...
[2024-12-11 16:20:21]   waiting for the psf files...
[2024-12-11 16:20:21]   waiting for the psf files...
[2024-12-11 16:20:21]   waiting for the psf files...
[2024-12-11 16:20:31]   waiting for the psf files...
[2024-12-11 16:20:31]   waiting for the psf files...
[2024-12-11 16:20:31]   waiting for the psf files...
[2024-12-11 16:20:31]   waiting for the psf files...
[2024-12-11 16:20:41]   waiting for the psf files...
[2024-12-11 16:20:41]   waiting for the psf files...
[2024-12-11 16:20:41]   waiting for the psf files...
[2024-12-11 16:20:41]   waiting for the psf files...
[2024-12-11 16:20:51]   waiting for the psf files...
[2024-12-11 16:20:51]   waiting for the psf files...
[2024-12-11 16:20:51]   waiting for the psf files...
[2024-12-11 16:20:51]   waiting for the psf files...
[2024-12-11 16:21:01]   waiting for the psf files...
[2024-12-11 16:21:01]   waiting for the psf files...
[2024-12-11 16:21:01]   waiting for the psf files...
[2024-12-11 16:21:01]   waiting for the psf files...
[2024-12-11 16:21:11]   waiting for the psf files...
[2024-12-11 16:21:11]   waiting for the psf files...
[2024-12-11 16:21:11]   waiting for the psf files...
[2024-12-11 16:21:11]   waiting for the psf files...
[2024-12-11 16:21:21]   waiting for the psf files...
[2024-12-11 16:21:21]   waiting for the psf files...
[2024-12-11 16:21:21]   waiting for the psf files...
[2024-12-11 16:21:31]   waiting for the psf files...
[2024-12-11 16:21:31]   waiting for the psf files...
[2024-12-11 16:21:31]   waiting for the psf files...
[2024-12-11 16:21:41]   waiting for the psf files...
[2024-12-11 16:21:41]   waiting for the psf files...
[2024-12-11 16:21:41]   waiting for the psf files...
[2024-12-11 16:21:51]   waiting for the psf files...
[2024-12-11 16:21:51]   waiting for the psf files...
[2024-12-11 16:21:51]   waiting for the psf files...
[2024-12-11 16:22:01]   waiting for the psf files...
[2024-12-11 16:22:01]   waiting for the psf files...
[2024-12-11 16:22:01]   waiting for the psf files...
[2024-12-11 16:22:11]   waiting for the psf files...
[2024-12-11 16:22:11]   waiting for the psf files...
[2024-12-11 16:22:21]   waiting for the psf files...
[2024-12-11 16:22:21]   waiting for the psf files...
[2024-12-11 16:22:31]   waiting for the psf files...
[2024-12-11 16:22:31]   waiting for the psf files...
[2024-12-11 16:22:41]   waiting for the psf files...
[2024-12-11 16:22:41]   waiting for the psf files...
[2024-12-11 16:22:51]   waiting for the psf files...
[2024-12-11 16:23:01]   waiting for the psf files...
[2024-12-11 16:23:11]   waiting for the psf files...
[2024-12-11 16:23:31] Merging topologies and coordinates files
[2024-12-11 16:23:33]   waiting for the merged files...
[2024-12-11 16:37:14] Looking for iteration 0
[2024-12-11 16:37:14] Starting rigid-body docking: 1 structures
[2024-12-11 16:37:14] Initiating job submission...
[2024-12-11 16:46:14]   stage 0: 1 structures remaining, 1 running, 0 completed, 1 total
[2024-12-11 16:46:34] Looking for iteration 1
[2024-12-11 16:46:34] Starting semi-flexible refinement: 1 structures
[2024-12-11 16:46:34] Initiating job submission...
[2024-12-11 16:49:05]   stage 1: 1 structures remaining, 1 running, 0 completed, 1 total
[2024-12-11 16:49:25] Starting analysis scripts for /trinity/rascar/enmr/csb_webserver/data/runs/haddock24/userrun00419197/run1/structures/it1
[2024-12-11 16:49:25]   calculating average structure and similarity matrices
[2024-12-11 16:49:25]   waiting for the average structure...
[2024-12-11 16:49:55]   running analysis scripts...
[2024-12-11 16:49:55] Starting final refinement: 1 structures
[2024-12-11 16:49:55] Initiating job submission...
[2024-12-11 16:50:56]   stage 2: 1 structures remaining, 1 running, 0 completed, 1 total
[2024-12-11 16:51:16] Starting analysis scripts for /trinity/rascar/enmr/csb_webserver/data/runs/haddock24/userrun00419197/run1/structures/it1/water
[2024-12-11 16:51:16]   calculating average structure and similarity matrices
[2024-12-11 16:51:16]   waiting for the average structure...
[2024-12-11 16:51:46]   running analysis scripts...
[2024-12-11 16:51:46] Cluster file in it1/analysis already exist.
[2024-12-11 16:51:46] To rerun the clustering delete the 'CLUST_DONE' file in the analysis directory.
[2024-12-11 16:51:56] Cluster file in it1/water/analysis already exist.
[2024-12-11 16:51:56] To rerun the clustering delete the 'CLUST_DONE' file in the analysis directory.
[2024-12-11 16:51:56] Cleaning up the run directory...
[2024-12-11 16:51:56] Only files for structure #1 will be kept...
[2024-12-11 16:51:56] 
[2024-12-11 16:51:56] ##############################################################################
[2024-12-11 16:51:56] Finishing HADDOCK
[2024-12-11 16:51:56] Au revoir. Tot ziens. Bye bye.
[2024-12-11 16:51:56] 
##############################################################################
#                                                                            #
# Starting HADDOCK2.5                                                        #
#                                                                            #
#         N-components version of HADDOCK (current maximum is 20)            #
#                                                                            #
#   Copyright 2003-2024 Alexandre Bonvin, Utrecht University.                #
#   Originally adapted from Aria 1.2 from Nilges and Linge, EMBL.            #
#   All rights reserved.                                                     #
#   This code is part of the HADDOCK software and governed by its            #
#   license. Please see the LICENSE file that should have been included      #
#   as part of this package.                                                 #
#                                                                            #
##############################################################################
    
[2024-12-11 16:51:56] Starting HADDOCK
[2024-12-11 16:51:56] HADDOCK version: 2.5 - December 2024
[2024-12-11 16:51:56] Parsing run.cns file
[2024-12-11 16:51:56] Parsing run.param in /trinity/rascar/enmr/csb_webserver/data/runs/haddock24/userrun00419197/run1/data
[2024-12-11 16:51:56] Reading parameters from the file /trinity/rascar/enmr/csb_webserver/data/runs/haddock24/userrun00419197/run1/data/run.param
[2024-12-11 16:51:56]   setting some variables:
[2024-12-11 16:51:56]     HADDOCK_DIR set to: /trinity/rascar/enmr/software/haddock2.5
[2024-12-11 16:51:56]     N_COMP set to: 4
[2024-12-11 16:51:56]     PDB_FILE1 set to: protein1.pdb
[2024-12-11 16:51:56]     PROT_SEGID_1 set to: A
[2024-12-11 16:51:56]     PDB_FILE2 set to: protein2.pdb
[2024-12-11 16:51:56]     PROT_SEGID_2 set to: B
[2024-12-11 16:51:56]     PDB_FILE3 set to: protein3.pdb
[2024-12-11 16:51:56]     PROT_SEGID_3 set to: C
[2024-12-11 16:51:56]     PDB_FILE4 set to: protein4.pdb
[2024-12-11 16:51:56]     PROT_SEGID_4 set to: D
[2024-12-11 16:51:56]     PROJECT_DIR set to: .
[2024-12-11 16:51:56]     RUN_NUMBER set to: 1
[2024-12-11 16:51:56]   HADDOCK_DIR /trinity/rascar/enmr/software/haddock2.5
[2024-12-11 16:51:56]   N_COMP 4
[2024-12-11 16:51:56]   PDB_FILE1 protein1.pdb
[2024-12-11 16:51:56]   PROT_SEGID_1 A
[2024-12-11 16:51:56]   PDB_FILE2 protein2.pdb
[2024-12-11 16:51:56]   PROT_SEGID_2 B
[2024-12-11 16:51:56]   PDB_FILE3 protein3.pdb
[2024-12-11 16:51:56]   PROT_SEGID_3 C
[2024-12-11 16:51:56]   PDB_FILE4 protein4.pdb
[2024-12-11 16:51:56]   PROT_SEGID_4 D
[2024-12-11 16:51:56]   PROJECT_DIR .
[2024-12-11 16:51:56]   RUN_NUMBER 1
[2024-12-11 16:51:56] Looking for existing files
[2024-12-11 16:51:56] waterdock false
[2024-12-11 16:52:06] Looking for iteration 0
[2024-12-11 16:52:06] file.list exists => iteration 0 finished.
[2024-12-11 16:52:06] Looking for iteration 1
[2024-12-11 16:52:06] file.list exists => iteration 1 finished.
[2024-12-11 16:52:06] CNS analysis files found in the it1/analysis directory.
[2024-12-11 16:52:06] To rerun the analysis delete the file 'DONE' in that directory.
[2024-12-11 16:52:06] File it1/water/file.list already exists => water refinement done.
[2024-12-11 16:52:06] CNS analysis files found in the it1/water/analysis directory.
[2024-12-11 16:52:06] To rerun the analysis delete the 'DONE' file in that directory.
[2024-12-11 16:52:06] Cluster file in it1/analysis already exist.
[2024-12-11 16:52:06] To rerun the clustering delete the 'CLUST_DONE' file in the analysis directory.
[2024-12-11 16:52:16] Cluster file in it1/water/analysis already exist.
[2024-12-11 16:52:16] To rerun the clustering delete the 'CLUST_DONE' file in the analysis directory.
[2024-12-11 16:52:16] Cleaning up the run directory...
[2024-12-11 16:52:16] Only files for structure #1 will be kept...
[2024-12-11 16:52:16] 
[2024-12-11 16:52:16] ##############################################################################
[2024-12-11 16:52:16] Finishing HADDOCK
[2024-12-11 16:52:16] Au revoir. Tot ziens. Bye bye.
Only files for structure #1 will be kept...
+ BEGIN: Wed Dec 11 16:52:18 2024
+ Parsing 2 contact files
+ Calculating Matrix
+ Writing matrix to <stdout>
+ END: Wed Dec 11 16:52:18 2024 [  0.00 seconds elapsed]
mv: No match.
/trinity/rascar/enmr/csb_webserver/data/results/haddock24/7999758290/419197-T233-medium/structures/it1/water/CAPRI_analysis/../analysis//RMSD_Calc.sh: line 58: [: ==: unary operator expected
/trinity/rascar/enmr/csb_webserver/data/results/haddock24/7999758290/419197-T233-medium/structures/it1/water/CAPRI_analysis/../analysis//RMSD_Calc.sh: line 192: [: missing `]'
/trinity/rascar/enmr/csb_webserver/data/results/haddock24/7999758290/419197-T233-medium/structures/it1/water/CAPRI_analysis/../analysis//RMSD_Calc.sh: line 58: [: ==: unary operator expected
/trinity/rascar/enmr/csb_webserver/data/results/haddock24/7999758290/419197-T233-medium/structures/it1/water/CAPRI_analysis/../analysis//RMSD_Calc.sh: line 192: [: missing `]'
rm: No match.
/usr/bin/ls: write error: Broken pipe
